[    0.000000] Linux version 4.15.0-58-generic (buildd@lcy01-amd64-013) (gcc version 7.4.0 (Ubuntu 7.4.0-1ubuntu1~18.04.1)) #64-Ubuntu SMP Tue Aug 6 11:12:41 UTC 2019 (Ubuntu 4.15.0-58.64-generic 4.15.18)
[    0.000000] Command line: BOOT_IMAGE=/boot/vmlinuz-4.15.0-58-generic root=LABEL=cloudimg-rootfs ro console=tty1 console=ttyS0
[    0.000000] KERNEL supported cpus:
[    0.000000]   Intel GenuineIntel
[    0.000000]   AMD AuthenticAMD
[    0.000000]   Centaur CentaurHauls
[    0.000000] x86/fpu: Supporting XSAVE feature 0x001: 'x87 floating point registers'
[    0.000000] x86/fpu: Supporting XSAVE feature 0x002: 'SSE registers'
[    0.000000] x86/fpu: Supporting XSAVE feature 0x004: 'AVX registers'
[    0.000000] x86/fpu: xstate_offset[2]:  576, xstate_sizes[2]:  256
[    0.000000] x86/fpu: Enabled xstate features 0x7, context size is 832 bytes, using 'standard' format.
[    0.000000] e820: BIOS-provided physical RAM map:
[    0.000000] BIOS-e820: [mem 0x0000000000000000-0x000000000009fbff] usable
[    0.000000] BIOS-e820: [mem 0x000000000009fc00-0x000000000009ffff] reserved
[    0.000000] BIOS-e820: [mem 0x00000000000f0000-0x00000000000fffff] reserved
[    0.000000] BIOS-e820: [mem 0x0000000000100000-0x000000003ffeffff] usable
[    0.000000] BIOS-e820: [mem 0x000000003fff0000-0x000000003fffffff] ACPI data
[    0.000000] BIOS-e820: [mem 0x00000000fec00000-0x00000000fec00fff] reserved
[    0.000000] BIOS-e820: [mem 0x00000000fee00000-0x00000000fee00fff] reserved
[    0.000000] BIOS-e820: [mem 0x00000000fffc0000-0x00000000ffffffff] reserved
[    0.000000] NX (Execute Disable) protection: active
[    0.000000] SMBIOS 2.5 present.
[    0.000000] DMI: innotek GmbH VirtualBox/VirtualBox, BIOS VirtualBox 12/01/2006
[    0.000000] Hypervisor detected: KVM
[    0.000000] e820: last_pfn = 0x3fff0 max_arch_pfn = 0x400000000
[    0.000000] MTRR: Disabled
[    0.000000] x86/PAT: MTRRs disabled, skipping PAT initialization too.
[    0.000000] CPU MTRRs all blank - virtualized system.
[    0.000000] x86/PAT: Configuration [0-7]: WB  WT  UC- UC  WB  WT  UC- UC  
[    0.000000] found SMP MP-table at [mem 0x0009fff0-0x0009ffff] mapped at [        (ptrval)]
[    0.000000] Scanning 1 areas for low memory corruption
[    0.000000] RAMDISK: [mem 0x35a8f000-0x36d3efff]
[    0.000000] ACPI: Early table checksum verification disabled
[    0.000000] ACPI: RSDP 0x00000000000E0000 000024 (v02 VBOX  )
[    0.000000] ACPI: XSDT 0x000000003FFF0030 00003C (v01 VBOX   VBOXXSDT 00000001 ASL  00000061)
[    0.000000] ACPI: FACP 0x000000003FFF00F0 0000F4 (v04 VBOX   VBOXFACP 00000001 ASL  00000061)
[    0.000000] ACPI: DSDT 0x000000003FFF0470 0022EA (v02 VBOX   VBOXBIOS 00000002 INTL 20100528)
[    0.000000] ACPI: FACS 0x000000003FFF0200 000040
[    0.000000] ACPI: FACS 0x000000003FFF0200 000040
[    0.000000] ACPI: APIC 0x000000003FFF0240 00005C (v02 VBOX   VBOXAPIC 00000001 ASL  00000061)
[    0.000000] ACPI: SSDT 0x000000003FFF02A0 0001CC (v01 VBOX   VBOXCPUT 00000002 INTL 20100528)
[    0.000000] No NUMA configuration found
[    0.000000] Faking a node at [mem 0x0000000000000000-0x000000003ffeffff]
[    0.000000] NODE_DATA(0) allocated [mem 0x3ffc5000-0x3ffeffff]
[    0.000000] kvm-clock: cpu 0, msr 0:3ff44001, primary cpu clock
[    0.000000] kvm-clock: Using msrs 4b564d01 and 4b564d00
[    0.000000] kvm-clock: using sched offset of 8253092687 cycles
[    0.000000] clocksource: kvm-clock: mask: 0xffffffffffffffff max_cycles: 0x1cd42e4dffb, max_idle_ns: 881590591483 ns
[    0.000000] Zone ranges:
[    0.000000]   DMA      [mem 0x0000000000001000-0x0000000000ffffff]
[    0.000000]   DMA32    [mem 0x0000000001000000-0x000000003ffeffff]
[    0.000000]   Normal   empty
[    0.000000]   Device   empty
[    0.000000] Movable zone start for each node
[    0.000000] Early memory node ranges
[    0.000000]   node   0: [mem 0x0000000000001000-0x000000000009efff]
[    0.000000]   node   0: [mem 0x0000000000100000-0x000000003ffeffff]
[    0.000000] Reserved but unavailable: 98 pages
[    0.000000] Initmem setup node 0 [mem 0x0000000000001000-0x000000003ffeffff]
[    0.000000] ACPI: PM-Timer IO Port: 0x4008
[    0.000000] IOAPIC[0]: apic_id 2, version 32, address 0xfec00000, GSI 0-23
[    0.000000] ACPI: INT_SRC_OVR (bus 0 bus_irq 0 global_irq 2 dfl dfl)
[    0.000000] ACPI: INT_SRC_OVR (bus 0 bus_irq 9 global_irq 9 low level)
[    0.000000] Using ACPI (MADT) for SMP configuration information
[    0.000000] smpboot: Allowing 2 CPUs, 0 hotplug CPUs
[    0.000000] PM: Registered nosave memory: [mem 0x00000000-0x00000fff]
[    0.000000] PM: Registered nosave memory: [mem 0x0009f000-0x0009ffff]
[    0.000000] PM: Registered nosave memory: [mem 0x000a0000-0x000effff]
[    0.000000] PM: Registered nosave memory: [mem 0x000f0000-0x000fffff]
[    0.000000] e820: [mem 0x40000000-0xfebfffff] available for PCI devices
[    0.000000] Booting paravirtualized kernel on KVM
[    0.000000] clocksource: refined-jiffies: mask: 0xffffffff max_cycles: 0xffffffff, max_idle_ns: 7645519600211568 ns
[    0.000000] random: get_random_bytes called from start_kernel+0x99/0x4fd with crng_init=0
[    0.000000] setup_percpu: NR_CPUS:8192 nr_cpumask_bits:2 nr_cpu_ids:2 nr_node_ids:1
[    0.000000] percpu: Embedded 46 pages/cpu @        (ptrval) s151552 r8192 d28672 u1048576
[    0.000000] PV qspinlock hash table entries: 256 (order: 0, 4096 bytes)
[    0.000000] Built 1 zonelists, mobility grouping on.  Total pages: 257913
[    0.000000] Policy zone: DMA32
[    0.000000] Kernel command line: BOOT_IMAGE=/boot/vmlinuz-4.15.0-58-generic root=LABEL=cloudimg-rootfs ro console=tty1 console=ttyS0
[    0.000000] Memory: 983464K/1048120K available (12300K kernel code, 2478K rwdata, 4280K rodata, 2424K init, 2384K bss, 64656K reserved, 0K cma-reserved)
[    0.000000] SLUB: HWalign=64, Order=0-3, MinObjects=0, CPUs=2, Nodes=1
[    0.000000] Kernel/User page tables isolation: enabled
[    0.000000] ftrace: allocating 39243 entries in 154 pages
[    0.004000] Hierarchical RCU implementation.
[    0.004000] 	RCU restricting CPUs from NR_CPUS=8192 to nr_cpu_ids=2.
[    0.004000] 	Tasks RCU enabled.
[    0.004000] RCU: Adjusting geometry for rcu_fanout_leaf=16, nr_cpu_ids=2
[    0.004000] NR_IRQS: 524544, nr_irqs: 440, preallocated irqs: 16
[    0.004000] Console: colour VGA+ 80x25
[    0.004000] console [tty1] enabled
[    0.004000] console [ttyS0] enabled
[    0.004000] ACPI: Core revision 20170831
[    0.004000] ACPI: 2 ACPI AML tables successfully acquired and loaded
[    0.004000] APIC: Switch to symmetric I/O mode setup
[    0.004000] x2apic enabled
[    0.004013] Switched APIC routing to physical x2apic.
[    0.012499] ..TIMER: vector=0x30 apic1=0 pin1=2 apic2=-1 pin2=-1
[    0.016008] tsc: Detected 1991.998 MHz processor
[    0.018368] Calibrating delay loop (skipped) preset value.. 3983.99 BogoMIPS (lpj=7967992)
[    0.020008] pid_max: default: 32768 minimum: 301
[    0.024074] Security Framework initialized
[    0.025930] Yama: becoming mindful.
[    0.028044] AppArmor: AppArmor initialized
[    0.030105] Dentry cache hash table entries: 131072 (order: 8, 1048576 bytes)
[    0.032150] Inode-cache hash table entries: 65536 (order: 7, 524288 bytes)
[    0.036029] Mount-cache hash table entries: 2048 (order: 2, 16384 bytes)
[    0.040019] Mountpoint-cache hash table entries: 2048 (order: 2, 16384 bytes)
[    0.044420] mce: CPU supports 0 MCE banks
[    0.045982] Last level iTLB entries: 4KB 64, 2MB 8, 4MB 8
[    0.048009] Last level dTLB entries: 4KB 64, 2MB 0, 4MB 0, 1GB 4
[    0.050446] Spectre V1 : Mitigation: usercopy/swapgs barriers and __user pointer sanitization
[    0.052008] Spectre V2 : Mitigation: Full generic retpoline
[    0.056006] Spectre V2 : Spectre v2 / SpectreRSB mitigation: Filling RSB on context switch
[    0.060008] Speculative Store Bypass: Vulnerable
[    0.064073] MDS: Vulnerable: Clear CPU buffers attempted, no microcode
[    0.067492] Freeing SMP alternatives memory: 36K
[    0.076000] smpboot: CPU0: Intel(R) Core(TM) i3-6006U CPU @ 2.00GHz (family: 0x6, model: 0x4e, stepping: 0x3)
[    0.076141] Performance Events: unsupported p6 CPU model 78 no PMU driver, software events only.
[    0.080069] Hierarchical SRCU implementation.
[    0.084728] NMI watchdog: Perf event create on CPU 0 failed with -2
[    0.086983] NMI watchdog: Perf NMI watchdog permanently disabled
[    0.088092] smp: Bringing up secondary CPUs ...
[    0.090315] x86: Booting SMP configuration:
[    0.092004] .... node  #0, CPUs:      #1
[    0.004000] kvm-clock: cpu 1, msr 0:3ff44041, secondary cpu clock
[    0.004000] mce: CPU supports 0 MCE banks
[    0.100029] smp: Brought up 1 node, 2 CPUs
[    0.104012] smpboot: Max logical packages: 1
[    0.107157] smpboot: Total of 2 processors activated (7967.99 BogoMIPS)
[    0.108228] devtmpfs: initialized
[    0.112111] x86/mm: Memory block size: 128MB
[    0.116140] evm: security.selinux
[    0.118253] evm: security.SMACK64
[    0.120009] evm: security.SMACK64EXEC
[    0.124018] evm: security.SMACK64TRANSMUTE
[    0.127742] evm: security.SMACK64MMAP
[    0.128008] evm: security.apparmor
[    0.132007] evm: security.ima
[    0.136009] evm: security.capability
[    0.140204] clocksource: jiffies: mask: 0xffffffff max_cycles: 0xffffffff, max_idle_ns: 7645041785100000 ns
[    0.144028] futex hash table entries: 512 (order: 3, 32768 bytes)
[    0.147162] pinctrl core: initialized pinctrl subsystem
[    0.164007] RTC time:  5:49:59, date: 08/31/19
[    0.168260] NET: Registered protocol family 16
[    0.172161] audit: initializing netlink subsys (disabled)
[    0.176023] audit: type=2000 audit(1567230608.733:1): state=initialized audit_enabled=0 res=1
[    0.180029] cpuidle: using governor ladder
[    0.182102] cpuidle: using governor menu
[    0.184083] ACPI: bus type PCI registered
[    0.188006] acpiphp: ACPI Hot Plug PCI Controller Driver version: 0.5
[    0.192040] PCI: Using configuration type 1 for base access
[    0.196197] HugeTLB registered 2.00 MiB page size, pre-allocated 0 pages
[    0.200126] ACPI: Added _OSI(Module Device)
[    0.201609] ACPI: Added _OSI(Processor Device)
[    0.203168] ACPI: Added _OSI(3.0 _SCP Extensions)
[    0.204012] ACPI: Added _OSI(Processor Aggregator Device)
[    0.205829] ACPI: Added _OSI(Linux-Dell-Video)
[    0.207303] ACPI: Added _OSI(Linux-Lenovo-NV-HDMI-Audio)
[    0.208016] ACPI: Added _OSI(Linux-HPI-Hybrid-Graphics)
[    0.212016] ACPI: Executed 1 blocks of module-level executable AML code
[    0.221830] ACPI: Interpreter enabled
[    0.223169] ACPI: (supports S0 S5)
[    0.224000] ACPI: Using IOAPIC for interrupt routing
[    0.224757] PCI: Using host bridge windows from ACPI; if necessary, use "pci=nocrs" and report a bug
[    0.228353] ACPI: Enabled 2 GPEs in block 00 to 07
[    0.247191] ACPI: PCI Root Bridge [PCI0] (domain 0000 [bus 00-ff])
[    0.248014] acpi PNP0A03:00: _OSC: OS supports [ASPM ClockPM Segments MSI]
[    0.252487] acpi PNP0A03:00: _OSC: not requesting OS control; OS requires [ExtendedConfig ASPM ClockPM MSI]
[    0.255726] acpi PNP0A03:00: fail to add MMCONFIG information, can't access extended PCI configuration space under this bridge.
[    0.260513] PCI host bridge to bus 0000:00
[    0.261890] pci_bus 0000:00: root bus resource [io  0x0000-0x0cf7 window]
[    0.264000] pci_bus 0000:00: root bus resource [io  0x0d00-0xffff window]
[    0.264010] pci_bus 0000:00: root bus resource [mem 0x000a0000-0x000bffff window]
[    0.268009] pci_bus 0000:00: root bus resource [mem 0x40000000-0xfdffffff window]
[    0.272006] pci_bus 0000:00: root bus resource [bus 00-ff]
[    0.278928] pci 0000:00:01.1: legacy IDE quirk: reg 0x10: [io  0x01f0-0x01f7]
[    0.280008] pci 0000:00:01.1: legacy IDE quirk: reg 0x14: [io  0x03f6]
[    0.284005] pci 0000:00:01.1: legacy IDE quirk: reg 0x18: [io  0x0170-0x0177]
[    0.286310] pci 0000:00:01.1: legacy IDE quirk: reg 0x1c: [io  0x0376]
[    0.312357] pci 0000:00:07.0: quirk: [io  0x4000-0x403f] claimed by PIIX4 ACPI
[    0.316000] pci 0000:00:07.0: quirk: [io  0x4100-0x410f] claimed by PIIX4 SMB
[    0.330110] ACPI: PCI Interrupt Link [LNKA] (IRQs 5 9 10 *11)
[    0.332524] ACPI: PCI Interrupt Link [LNKB] (IRQs 5 9 *10 11)
[    0.335192] ACPI: PCI Interrupt Link [LNKC] (IRQs 5 *9 10 11)
[    0.336243] ACPI: PCI Interrupt Link [LNKD] (IRQs 5 9 10 *11)
[    0.340509] SCSI subsystem initialized
[    0.344067] pci 0000:00:02.0: vgaarb: setting as boot VGA device
[    0.346045] pci 0000:00:02.0: vgaarb: VGA device added: decodes=io+mem,owns=io+mem,locks=none
[    0.348009] pci 0000:00:02.0: vgaarb: bridge control possible
[    0.350279] vgaarb: loaded
[    0.351349] ACPI: bus type USB registered
[    0.352040] usbcore: registered new interface driver usbfs
[    0.353828] usbcore: registered new interface driver hub
[    0.356039] usbcore: registered new device driver usb
[    0.357738] EDAC MC: Ver: 3.0.0
[    0.360072] PCI: Using ACPI for IRQ routing
[    0.361930] NetLabel: Initializing
[    0.363295] NetLabel:  domain hash size = 128
[    0.364005] NetLabel:  protocols = UNLABELED CIPSOv4 CALIPSO
[    0.365919] NetLabel:  unlabeled traffic allowed by default
[    0.368111] clocksource: Switched to clocksource kvm-clock
[    0.429315] VFS: Disk quotas dquot_6.6.0
[    0.431198] VFS: Dquot-cache hash table entries: 512 (order 0, 4096 bytes)
[    0.433733] AppArmor: AppArmor Filesystem Enabled
[    0.435690] pnp: PnP ACPI init
[    0.438744] pnp: PnP ACPI: found 3 devices
[    0.452800] clocksource: acpi_pm: mask: 0xffffff max_cycles: 0xffffff, max_idle_ns: 2085701024 ns
[    0.455877] NET: Registered protocol family 2
[    0.480625] TCP established hash table entries: 8192 (order: 4, 65536 bytes)
[    0.483000] TCP bind hash table entries: 8192 (order: 5, 131072 bytes)
[    0.485186] TCP: Hash tables configured (established 8192 bind 8192)
[    0.487319] UDP hash table entries: 512 (order: 2, 16384 bytes)
[    0.489307] UDP-Lite hash table entries: 512 (order: 2, 16384 bytes)
[    0.491525] NET: Registered protocol family 1
[    0.493058] pci 0000:00:00.0: Limiting direct PCI/PCI transfers
[    0.495281] pci 0000:00:01.0: Activating ISA DMA hang workarounds
[    0.497615] pci 0000:00:02.0: Video device with shadowed ROM at [mem 0x000c0000-0x000dffff]
[    0.500571] Unpacking initramfs...
[    1.502429] Freeing initrd memory: 19136K
[    1.504254] clocksource: tsc: mask: 0xffffffffffffffff max_cycles: 0x396d4e5fc9d, max_idle_ns: 881590756024 ns
[    1.507597] platform rtc_cmos: registered platform RTC device (no PNP device found)
[    1.510441] Scanning for low memory corruption every 60 seconds
[    1.513702] Initialise system trusted keyrings
[    1.515457] Key type blacklist registered
[    1.517219] workingset: timestamp_bits=36 max_order=18 bucket_order=0
[    1.521478] zbud: loaded
[    1.523384] squashfs: version 4.0 (2009/01/31) Phillip Lougher
[    1.525935] fuse init (API version 7.26)
[    1.534345] Key type asymmetric registered
[    1.535822] Asymmetric key parser 'x509' registered
[    1.537882] Block layer SCSI generic (bsg) driver version 0.4 loaded (major 246)
[    1.540906] io scheduler noop registered
[    1.542310] io scheduler deadline registered
[    1.544140] io scheduler cfq registered (default)
[    1.546548] ACPI: AC Adapter [AC] (on-line)
[    1.548326] input: Power Button as /devices/LNXSYSTM:00/LNXPWRBN:00/input/input0
[    1.551049] ACPI: Power Button [PWRF]
[    1.552496] input: Sleep Button as /devices/LNXSYSTM:00/LNXSLPBN:00/input/input1
[    1.555733] ACPI: Sleep Button [SLPF]
[    1.559369] ACPI: Battery Slot [BAT0] (battery present)
[    1.560343] Serial: 8250/16550 driver, 32 ports, IRQ sharing enabled
[    1.585551] 00:02: ttyS0 at I/O 0x3f8 (irq = 4, base_baud = 115200) is a 16550A
[    1.590551] Linux agpgart interface v0.103
[    1.593768] loop: module loaded
[    1.596202] scsi host0: ata_piix
[    1.598259] scsi host1: ata_piix
[    1.599594] ata1: PATA max UDMA/33 cmd 0x1f0 ctl 0x3f6 bmdma 0xd000 irq 14
[    1.601929] ata2: PATA max UDMA/33 cmd 0x170 ctl 0x376 bmdma 0xd008 irq 15
[    1.604300] libphy: Fixed MDIO Bus: probed
[    1.605788] tun: Universal TUN/TAP device driver, 1.6
[    1.607684] PPP generic driver version 2.4.2
[    1.609331] ehci_hcd: USB 2.0 'Enhanced' Host Controller (EHCI) Driver
[    1.611581] ehci-pci: EHCI PCI platform driver
[    1.613170] ehci-platform: EHCI generic platform driver
[    1.615389] ohci_hcd: USB 1.1 'Open' Host Controller (OHCI) Driver
[    1.617627] ohci-pci: OHCI PCI platform driver
[    1.619318] ohci-platform: OHCI generic platform driver
[    1.621225] uhci_hcd: USB Universal Host Controller Interface driver
[    1.623692] i8042: PNP: PS/2 Controller [PNP0303:PS2K,PNP0f03:PS2M] at 0x60,0x64 irq 1,12
[    1.628387] serio: i8042 KBD port at 0x60,0x64 irq 1
[    1.630546] serio: i8042 AUX port at 0x60,0x64 irq 12
[    1.632487] mousedev: PS/2 mouse device common for all mice
[    1.634907] input: AT Translated Set 2 keyboard as /devices/platform/i8042/serio0/input/input2
[    1.638570] rtc_cmos rtc_cmos: rtc core: registered rtc_cmos as rtc0
[    1.641050] rtc_cmos rtc_cmos: alarms up to one day, 114 bytes nvram
[    1.643278] i2c /dev entries driver
[    1.644636] device-mapper: uevent: version 1.0.3
[    1.646437] device-mapper: ioctl: 4.37.0-ioctl (2017-09-20) initialised: dm-devel@redhat.com
[    1.650179] ledtrig-cpu: registered to indicate activity on CPUs
[    1.652861] NET: Registered protocol family 10
[    1.661919] Segment Routing with IPv6
[    1.663513] NET: Registered protocol family 17
[    1.665392] Key type dns_resolver registered
[    1.667351] RAS: Correctable Errors collector initialized.
[    1.669359] sched_clock: Marking stable (1669332194, 0)->(2509148090, -839815896)
[    1.672545] registered taskstats version 1
[    1.674267] Loading compiled-in X.509 certificates
[    1.680205] Loaded X.509 cert 'Build time autogenerated kernel key: e343dd3e31c9820cf0adf0156bc2eecdcfc394af'
[    1.684539] zswap: loaded using pool lzo/zbud
[    1.716120] Key type big_key registered
[    1.717707] Key type trusted registered
[    1.722482] Key type encrypted registered
[    1.723981] AppArmor: AppArmor sha1 policy hashing enabled
[    1.726375] ima: No TPM chip found, activating TPM-bypass! (rc=-19)
[    1.729089] ima: Allocated hash algorithm: sha1
[    1.733373] evm: HMAC attrs: 0x1
[    1.736278]   Magic number: 15:657:821
[    1.738126] rtc_cmos rtc_cmos: setting system clock to 2019-08-31 05:50:00 UTC (1567230600)
[    1.744598] BIOS EDD facility v0.16 2004-Jun-25, 0 devices found
[    1.747990] EDD information not available.
[    1.769299] Freeing unused kernel image memory: 2424K
[    1.792193] Write protecting the kernel read-only data: 20480k
[    1.796105] Freeing unused kernel image memory: 2008K
[    1.799104] Freeing unused kernel image memory: 1864K
[    1.814864] x86/mm: Checked W+X mappings: passed, no W+X pages found.
[    1.816975] x86/mm: Checking user space page tables
[    1.832371] x86/mm: Checked W+X mappings: passed, no W+X pages found.
Loading, please wait...
starting version 237
[    1.943511] e1000: Intel(R) PRO/1000 Network Driver - version 7.3.21-k8-NAPI
[    1.945897] e1000: Copyright (c) 1999-2006 Intel Corporation.
[    1.951724] Fusion MPT base driver 3.04.20
[    1.953991] Copyright (c) 1999-2008 LSI Corporation
[    1.962361] Fusion MPT SPI Host driver 3.04.20
[    1.981540] AVX2 version of gcm_enc/dec engaged.
[    1.983655] AES CTR mode by8 optimization enabled
[    2.162877] input: ImExPS/2 Generic Explorer Mouse as /devices/platform/i8042/serio1/input/input4
[    2.445650] e1000 0000:00:03.0 eth0: (PCI:33MHz:32-bit) 02:a9:3e:be:bb:aa
[    2.448066] e1000 0000:00:03.0 eth0: Intel(R) PRO/1000 Network Connection
[    2.452132] mptbase: ioc0: Initiating bringup
[    2.454693] e1000 0000:00:03.0 enp0s3: renamed from eth0
[    2.564633] ioc0: LSI53C1030 A0: Capabilities={Initiator}
[    2.817790] scsi host2: ioc0: LSI53C1030 A0, FwRev=00000000h, Ports=1, MaxQ=256, IRQ=20
[    2.994529] scsi 2:0:0:0: Direct-Access     VBOX     HARDDISK         1.0  PQ: 0 ANSI: 5
[    3.437265] scsi target2:0:0: Beginning Domain Validation
[    3.444224] scsi target2:0:0: Domain Validation skipping write tests
[    3.449099] scsi target2:0:0: Ending Domain Validation
[    3.453498] scsi target2:0:0: asynchronous
[    3.458121] scsi 2:0:1:0: Direct-Access     VBOX     HARDDISK         1.0  PQ: 0 ANSI: 5
[    3.583059] scsi target2:0:1: Beginning Domain Validation
[    3.590219] random: fast init done
[    3.598211] scsi target2:0:1: Domain Validation skipping write tests
[    3.603800] scsi target2:0:1: Ending Domain Validation
[    3.610501] scsi target2:0:1: asynchronous
[    3.625548] random: systemd-udevd: uninitialized urandom read (16 bytes read)
[    3.631146] random: systemd-udevd: uninitialized urandom read (16 bytes read)
[    3.635813] sd 2:0:0:0: Attached scsi generic sg0 type 0
[    3.635892] random: systemd-udevd: uninitialized urandom read (16 bytes read)
[    3.641715] sd 2:0:1:0: [sdb] 20480 512-byte logical blocks: (10.5 MB/10.0 MiB)
[    3.646474] sd 2:0:1:0: Attached scsi generic sg1 type 0
[    3.649612] sd 2:0:1:0: [sdb] Write Protect is off
[    3.654807] sd 2:0:1:0: [sdb] Incomplete mode parameter data
[    3.654842] sd 2:0:0:0: [sda] 20971520 512-byte logical blocks: (10.7 GB/10.0 GiB)
[    3.657408] sd 2:0:1:0: [sdb] Assuming drive cache: write through
[    3.663417] sd 2:0:0:0: [sda] Write Protect is off
[    3.666547] sd 2:0:0:0: [sda] Incomplete mode parameter data
[    3.670560] sd 2:0:0:0: [sda] Assuming drive cache: write through
[    3.702403]  sda: sda1
[    3.704257] sd 2:0:1:0: [sdb] Attached SCSI disk
[    3.708106] sd 2:0:0:0: [sda] Attached SCSI disk
Begin: Loading essential drivers ... [    5.892096] raid6: sse2x1   gen()  6540 MB/s
[    5.940095] raid6: sse2x1   xor()  4778 MB/s
[    5.988090] raid6: sse2x2   gen()  7988 MB/s
[    6.036871] raid6: sse2x2   xor()  4341 MB/s
[    6.084281] raid6: sse2x4   gen()  9209 MB/s
[    6.132146] raid6: sse2x4   xor()  4458 MB/s
[    6.180089] raid6: avx2x1   gen() 10865 MB/s
[    6.228081] raid6: avx2x1   xor()  9137 MB/s
[    6.276485] raid6: avx2x2   gen() 16133 MB/s
[    6.324343] raid6: avx2x2   xor() 10032 MB/s
[    6.372179] raid6: avx2x4   gen() 18281 MB/s
[    6.420070] raid6: avx2x4   xor() 10917 MB/s
[    6.421576] raid6: using algorithm avx2x4 gen() 18281 MB/s
[    6.423469] raid6: .... xor() 10917 MB/s, rmw enabled
[    6.425430] raid6: using avx2x2 recovery algorithm
[    6.429210] xor: automatically using best checksumming function   avx       
[    6.433603] async_tx: api initialized (async)
done.
Begin: Running /scripts/init-premount ... done.
Begin: Mounting root file system ... Begin: Running /scripts/local-top ... done.
Begin: Running /scripts/local-premount ... [    6.505211] Btrfs loaded, crc32c=crc32c-intel
Scanning for Btrfs filesystems
done.
Warning: fsck not present, so skipping root file system
[    6.617509] EXT4-fs (sda1): mounted filesystem with ordered data mode. Opts: (null)
done.
Begin: Running /scripts/local-bottom ... done.
Begin: Running /scripts/init-bottom ... done.
[    7.840974] ip_tables: (C) 2000-2006 Netfilter Core Team
[    7.931250] systemd[1]: systemd 237 running in system mode. (+PAM +AUDIT +SELINUX +IMA +APPARMOR +SMACK +SYSVINIT +UTMP +LIBCRYPTSETUP +GCRYPT +GNUTLS +ACL +XZ +LZ4 +SECCOMP +BLKID +ELFUTILS +KMOD -IDN2 +IDN -PCRE2 default-hierarchy=hybrid)
[    7.938421] systemd[1]: Detected virtualization oracle.
[    7.940457] systemd[1]: Detected architecture x86-64.

Welcome to [1mUbuntu 18.04.3 LTS[0m!

[    7.972176] systemd[1]: Set hostname to <ubuntu>.
[    8.012306] systemd[1]: Initializing machine ID from random generator.
[    8.014791] systemd[1]: Installed transient /etc/machine-id file.
[    8.381660] random: crng init done
[    8.383680] random: 7 urandom warning(s) missed due to ratelimiting
[    9.964054] systemd[1]: Reached target Swap.
[[0;32m  OK  [0m] Reached target Swap.
[    9.970423] systemd[1]: Created slice System Slice.
[[0;32m  OK  [0m] Created slice System Slice.
[    9.973687] systemd[1]: Listening on Journal Socket (/dev/log).
[[0;32m  OK  [0m] Listening on Journal Socket (/dev/log).
[    9.977695] systemd[1]: Reached target System Time Synchronized.
[[0;32m  OK  [0m] Reached target System Time Synchronized.
[[0;32m  OK  [0m] Listening on udev Control Socket.
[[0;32m  OK  [0m] Listening on Journal Socket.
         Starting Remount Root and Kernel File Systems...
         Mounting Kernel Debug File System...
[[0;32m  OK  [0m] Created slice system-serial\x2dgetty.slice.
[[0;32m  OK  [0m] Started Forward Password Requests to Wall Directory Watch.
[[0;32m  OK  [0m] Listening on Journal Audit Socket.
         Starting Uncomplicated firewall...
[[0;32m  OK  [0m] Reached target User and Group Name Lookups.
[[0;32m  OK  [0m] Set up automount Arbitrary Executab…rmats File System Automount Point.
[[0;32m  OK  [0m] Created slice User and Session Slice.
         Starting Load Kernel Modules...
[[0;32m  OK  [0m] Listening on udev Kernel Socket.
[[0;32m  OK  [0m] Listening on LVM2 metadata daemon socket.
[[0;32m  OK  [0m] Listening on Syslog Socket.
         Starting Journal Service...
         Mounting POSIX Message Queue File System...
[   10.223994] EXT4-fs (sda1): re-mounted. Opts: (null)
         Starting udev Coldplug all Devices...
         Mounting Huge Pages File System...
[[0;32m  OK  [0m] Listening on LVM2 poll daemon socket.
         Starting Create list of required st…ce nodes for the current kernel...
         Starting Set the console keyboard layout...
[[0;32m  OK  [0m] Listening on /dev/initctl Compatibility Named Pipe.
[[0;32m  OK  [0m] Listening on Device-mapper event daemon FIFOs.
         Starting Monitoring of LVM2 mirrors…ng dmeventd or progress polling...
[[0;32m  OK  [0m] Reached target Slices.
[[0;32m  OK  [0m] Listening on Network Service Netlink Socket.
[[0;32m  OK  [0m] Started Remount Root and Kernel File Systems.
[[0;32m  OK  [0m] Mounted Kernel Debug File System.
[[0;32m  OK  [0m] Started Uncomplicated firewall.
[[0;32m  OK  [0m] Mounted POSIX Message Queue File System.
[[0;32m  OK  [0m] Mounted Huge Pages File System.
[   10.342714] Loading iSCSI transport class v2.0-870.
         Starting Load/Save Random Seed...
[[0;32m  OK  [0m] Started Journal Service.
[[0;32m  OK  [0m] Started Create list of required sta…vice nodes for the current kernel.
[[0;32m  OK  [0m] Started udev Coldplug all Devices.
[   10.593699] iscsi: registered transport (tcp)
         Starting Create Static Device Nodes in /dev...
         Starting Flush Journal to Persistent Storage...
[[0;32m  OK  [0m] Started Load/Save Random Seed.
[   11.035489] systemd-journald[402]: Received request to flush runtime journal from PID 1
[   11.118483] iscsi: registered transport (iser)
[[0;32m  OK  [0m] Started Load Kernel Modules.
         Starting Apply Kernel Variables...
         Mounting Kernel Configuration File System...
         Mounting FUSE Control File System...
[[0;32m  OK  [0m] Mounted Kernel Configuration File System.
[[0;32m  OK  [0m] Mounted FUSE Control File System.
[[0;32m  OK  [0m] Started LVM2 metadata daemon.
[[0;32m  OK  [0m] Started Create Static Device Nodes in /dev.
         Starting udev Kernel Device Manager...
[[0;32m  OK  [0m] Started Apply Kernel Variables.
[[0;32m  OK  [0m] Started Flush Journal to Persistent Storage.
[[0;32m  OK  [0m] Started Monitoring of LVM2 mirrors,…sing dmeventd or progress polling.
[[0;32m  OK  [0m] Started udev Kernel Device Manager.
[[0;32m  OK  [0m] Found device /dev/ttyS0.
[[0;32m  OK  [0m] Listening on Load/Save RF Kill Switch Status /dev/rfkill Watch.
[[0;32m  OK  [0m] Started Set the console keyboard layout.
[[0;32m  OK  [0m] Reached target Local File Systems (Pre).
[[0;32m  OK  [0m] Reached target Local File Systems.
         Starting Commit a transient machine-id on disk...
         Starting ebtables ruleset management...
         Starting Tell Plymouth To Write Out Runtime Data...
         Starting AppArmor initialization...
         Starting Create Volatile Files and Directories...
         Starting Set console font and keymap...
[[0;32m  OK  [0m] Started Dispatch Password Requests to Console Directory Watch.
[[0;32m  OK  [0m] Reached target Local Encrypted Volumes.
[[0;32m  OK  [0m] Started Set console font and keymap.
[[0;32m  OK  [0m] Started Tell Plymouth To Write Out Runtime Data.
[[0;32m  OK  [0m] Started Create Volatile Files and Directories.
         Starting Update UTMP about System Boot/Shutdown...
[[0;32m  OK  [0m] Started Commit a transient machine-id on disk.
[[0;32m  OK  [0m] Started Update UTMP about System Boot/Shutdown.
[[0;32m  OK  [0m] Started ebtables ruleset management.
[[0;32m  OK  [0m] Started AppArmor initialization.
         Starting Initial cloud-init job (pre-networking)...
[   24.629268] cloud-init[699]: Cloud-init v. 19.1-1-gbaa47854-0ubuntu1~18.04.1 running 'init-local' at Sat, 31 Aug 2019 05:50:22 +0000. Up 23.28 seconds.
[[0;32m  OK  [0m] Started Initial cloud-init job (pre-networking).
[[0;32m  OK  [0m] Reached target Network (Pre).
         Starting Network Service...
[[0;32m  OK  [0m] Started Network Service.
         Starting Network Name Resolution...
         Starting Wait for Network to be Configured...
[[0;32m  OK  [0m] Started Network Name Resolution.
[[0;32m  OK  [0m] Reached target Network.
[[0;32m  OK  [0m] Reached target Host and Network Name Lookups.
[[0;32m  OK  [0m] Started Wait for Network to be Configured.
         Starting Initial cloud-init job (metadata service crawler)...
[   28.453243] cloud-init[827]: Cloud-init v. 19.1-1-gbaa47854-0ubuntu1~18.04.1 running 'init' at Sat, 31 Aug 2019 05:50:26 +0000. Up 28.00 seconds.
[   28.456960] cloud-init[827]: ci-info: ++++++++++++++++++++++++++++++++++++++Net device info++++++++++++++++++++++++++++++++++++++
[   28.460595] cloud-init[827]: ci-info: +--------+------+----------------------------+---------------+--------+-------------------+
[   28.464649] cloud-init[827]: ci-info: | Device |  Up  |          Address           |      Mask     | Scope  |     Hw-Address    |
[   28.469890] cloud-init[827]: ci-info: +--------+------+----------------------------+---------------+--------+-------------------+
[   28.475836] cloud-init[827]: ci-info: | enp0s3 | True |         10.0.2.15          | 255.255.255.0 | global | 02:a9:3e:be:bb:aa |
[   28.480388] cloud-init[827]: ci-info: | enp0s3 | True | fe80::a9:3eff:febe:bbaa/64 |       .       |  link  | 02:a9:3e:be:bb:aa |
[   28.484763] cloud-init[827]: ci-info: |   lo   | True |         127.0.0.1          |   255.0.0.0   |  host  |         .         |
[   28.490539] cloud-init[827]: ci-info: |   lo   | True |          ::1/128           |       .       |  host  |         .         |
[   28.496807] cloud-init[827]: ci-info: +--------+------+----------------------------+---------------+--------+-------------------+
[   28.502411] cloud-init[827]: ci-info: ++++++++++++++++++++++++++++Route IPv4 info+++++++++++++++++++++++++++++
[   28.506715] cloud-init[827]: ci-info: +-------+-------------+----------+-----------------+-----------+-------+
[   28.520341] cloud-init[827]: ci-info: | Route | Destination | Gateway  |     Genmask     | Interface | Flags |
[   28.523764] cloud-init[827]: ci-info: +-------+-------------+----------+-----------------+-----------+-------+
[   28.526881] cloud-init[827]: ci-info: |   0   |   0.0.0.0   | 10.0.2.2 |     0.0.0.0     |   enp0s3  |   UG  |
[   28.530176] cloud-init[827]: ci-info: |   1   |   10.0.2.0  | 0.0.0.0  |  255.255.255.0  |   enp0s3  |   U   |
[   28.533531] cloud-init[827]: ci-info: |   2   |   10.0.2.2  | 0.0.0.0  | 255.255.255.255 |   enp0s3  |   UH  |
[   28.537213] cloud-init[827]: ci-info: +-------+-------------+----------+-----------------+-----------+-------+
[   28.540345] cloud-init[827]: ci-info: +++++++++++++++++++Route IPv6 info+++++++++++++++++++
[   28.542866] cloud-init[827]: ci-info: +-------+-------------+---------+-----------+-------+
[   28.545317] cloud-init[827]: ci-info: | Route | Destination | Gateway | Interface | Flags |
[   28.547399] cloud-init[827]: ci-info: +-------+-------------+---------+-----------+-------+
[   28.549195] cloud-init[827]: ci-info: |   1   |  fe80::/64  |    ::   |   enp0s3  |   U   |
[   28.550979] cloud-init[827]: ci-info: |   3   |    local    |    ::   |   enp0s3  |   U   |
[   28.553101] cloud-init[827]: ci-info: |   4   |   ff00::/8  |    ::   |   enp0s3  |   U   |
[   28.556092] cloud-init[827]: ci-info: +-------+-------------+---------+-----------+-------+
[   31.365269] cloud-init[827]: Generating public/private rsa key pair.
[   31.368438] cloud-init[827]: Your identification has been saved in /etc/ssh/ssh_host_rsa_key.
[   31.371916] cloud-init[827]: Your public key has been saved in /etc/ssh/ssh_host_rsa_key.pub.
[   31.384312] cloud-init[827]: The key fingerprint is:
[   31.400596] cloud-init[827]: SHA256:HjGdvxcmQcxwax6SovUNBqiddPZptKM3VV2f+cG6+DE root@ubuntu-bionic
[   31.407791] cloud-init[827]: The key's randomart image is:
[   31.411734] cloud-init[827]: +---[RSA 2048]----+
[   31.414736] cloud-init[827]: |       .. .+o  .o|
[   31.416781] cloud-init[827]: |      o oo.=o.o =|
[   31.419490] cloud-init[827]: |     + +=oBo=. =.|
[   31.422392] cloud-init[827]: |    . oo **B.o. o|
[   31.423904] cloud-init[827]: |      . So.o=.o .|
[   31.426195] cloud-init[827]: |       ...o .+.. |
[   31.436376] cloud-init[827]: |        .. o.E.  |
[   31.438277] cloud-init[827]: |            ..o  |
[   31.440592] cloud-init[827]: |             .   |
[   31.442187] cloud-init[827]: +----[SHA256]-----+
[   31.443763] cloud-init[827]: Generating public/private dsa key pair.
[   31.446322] cloud-init[827]: Your identification has been saved in /etc/ssh/ssh_host_dsa_key.
[   31.456504] cloud-init[827]: Your public key has been saved in /etc/ssh/ssh_host_dsa_key.pub.
[   31.460396] cloud-init[827]: The key fingerprint is:
[   31.472361] cloud-init[827]: SHA256:2RmeG4sNPmK7VKc6P3F9R1DM9rUVdddDI7MTI1444LE root@ubuntu-bionic
[   31.475938] cloud-init[827]: The key's randomart image is:
[   31.478043] cloud-init[827]: +---[DSA 1024]----+
[   31.479911] cloud-init[827]: |         o...*.BO|
[   31.481856] cloud-init[827]: |        . +oo B.@|
[   31.492594] cloud-init[827]: |         E...o o*|
[   31.494536] cloud-init[827]: |         + +  ..o|
[   31.496574] cloud-init[827]: |        S B.   . |
[   31.498131] cloud-init[827]: |       o.*.+. . .|
[   31.499651] cloud-init[827]: |      + =o+  . . |
[   31.501257] cloud-init[827]: |     o.+..       |
[   31.502646] cloud-init[827]: |      ++..       |
[   31.503970] cloud-init[827]: +----[SHA256]-----+
[   31.505670] cloud-init[827]: Generating public/private ecdsa key pair.
[   31.508334] cloud-init[827]: Your identification has been saved in /etc/ssh/ssh_host_ecdsa_key.
[   31.520371] cloud-init[827]: Your public key has been saved in /etc/ssh/ssh_host_ecdsa_key.pub.
[   31.523754] cloud-init[827]: The key fingerprint is:
[   31.525826] cloud-init[827]: SHA256:CCMz9IXVaLslI78oEskRXg4mHfJBvNXRjhNa+oxn8uE root@ubuntu-bionic
[   31.528888] cloud-init[827]: The key's randomart image is:
[   31.530652] cloud-init[827]: +---[ECDSA 256]---+
[   31.540448] cloud-init[827]: |.+=. ++=         |
[   31.542280] cloud-init[827]: |.Bo+o.* o        |
[   31.544064] cloud-init[827]: |+ Xo+= =         |
[   31.556513] cloud-init[827]: | o.=+o*.o        |
[   31.557865] cloud-init[827]: |...  *.*S        |
[[   31.572331] cloud-init[827]: |o.  o O          |
[   31.572500] cloud-init[827]: | .   B o         |
[   31.573650] cloud-init[827]: |. . . E          |
[0;32m  OK  [0m[   31.574975] cloud-init[827]: | . .             |
[   31.575590] cloud-init[827]: +----[SHA256]-----+
[   31.576971] cloud-init[827]: Generating public/private ed25519 key pair.
[   31.577390] cloud-init[827]: Your identification has been saved in /etc/ssh/ssh_host_ed25519_key.
[   31.578324] cloud-init[827]: Your public key has been saved in /etc/ssh/ssh_host_ed25519_key.pub.
[   31.579226] cloud-init[827]: The key fingerprint is:
[   31.580756] cloud-init[827]: SHA256:uwgKyYOEHpmPKsX30QqNEzaXfmqA2JDVwUq/Nn2y+24 root@ubuntu-bionic
[   31.581751] cloud-init[827]: The key's randomart image is:
[   31.582666] cloud-init[827]: +--[ED25519 256]--+
[   31.583575] cloud-init[827]: |   o..           |
[   31.583750] cloud-init[827]: |  o o            |
[   31.584866] cloud-init[827]: | + o   .         |
[   31.585787] cloud-init[827]: |+ + = o          |
[   31.586686] cloud-init[827]: |.X o X .S        |
[   31.587599] cloud-init[827]: |*.O X * +.       |
[   31.588850] cloud-init[827]: |+* +.* O.        |
[   31.589769] cloud-init[827]: |o... .*.E.       |
[   31.591031] cloud-init[827]: |o .  .o=+        |
[   31.591923] cloud-init[827]: +----[SHA256]-----+
] Started Initial cloud-init job (metadata service crawler).
[[0;32m  OK  [0m] Reached target Network is Online.
[[0;32m  OK  [0m] Reached target Remote File Systems (Pre).
[[0;32m  OK  [0m] Reached target Remote File Systems.
         Starting Availability of block devices...
[[0;32m  OK  [0m] Reached target System Initialization.
[[0;32m  OK  [0m] Started Message of the Day.
[[0;32m  OK  [0m] Started ACPI Events Check.
[[0;32m  OK  [0m] Started Discard unused blocks once a week.
[[0;32m  OK  [0m] Listening on ACPID Listen Socket.
[[0;32m  OK  [0m] Listening on UUID daemon activation socket.
[[0;32m  OK  [0m] Started Daily apt download activities.
[[0;32m  OK  [0m] Started Daily apt upgrade and clean activities.
         Starting LXD - unix socket.
[[0;32m  OK  [0m] Listening on Open-iSCSI iscsid Socket.
         Starting Socket activation for snappy daemon.
[[0;32m  OK  [0m] Started Daily Cleanup of Temporary Directories.
[[0;32m  OK  [0m] Reached target Timers.
[[0;32m  OK  [0m] Listening on D-Bus System Message Bus Socket.
[[0;32m  OK  [0m] Reached target Paths.
[[0;32m  OK  [0m] Reached target Cloud-config availability.
[[0;32m  OK  [0m] Started Availability of block devices.
[[0;32m  OK  [0m] Listening on LXD - unix socket.
[[0;32m  OK  [0m] Listening on Socket activation for snappy daemon.
[[0;32m  OK  [0m] Reached target Sockets.
[[0;32m  OK  [0m] Reached target Basic System.
[[0;32m  OK  [0m] Started Regular background program processing daemon.
         Starting System Logging Service...
         Starting Snappy daemon...
[[0;32m  OK  [0m] Started Deferred execution scheduler.
[[0;32m  OK  [0m] Started D-Bus System Message Bus.
         Starting LSB: automatic crash report generation...
         Starting LSB: Record successful boot for GRUB...
         Starting Accounts Service...
[[0;32m  OK  [0m] Started FUSE filesystem for LXC.
         Starting Permit User Sessions...
         Starting Dispatcher daemon for systemd-networkd...
         Starting Login Service...
[[0;32m  OK  [0m] Started irqbalance daemon.
         Starting LXD - container startup/shutdown...
         Starting Pollinate to seed the pseudo random number generator...
         Starting Virtualbox guest utils...
[[0;32m  OK  [0m] Started System Logging Service.
[[0;32m  OK  [0m] Started Permit User Sessions.
         Starting Terminate Plymouth Boot Screen...
         Starting Hold until boot process finishes up...
[[0;32m  OK  [0m] Started Hold until boot process finishes up.
         Starting Set console scheme...
[[0;32m  OK  [0m] Started Serial Getty on ttyS0.
[[0;32m  OK  [0m] Started Terminate Plymouth Boot Screen.
[[0;32m  OK  [0m] Started Set console scheme.
[[0;32m  OK  [0m] Created slice system-getty.slice.
[[0;32m  OK  [0m] Started Getty on tty1.
[[0;32m  OK  [0m] Reached target Login Prompts.
         Starting Authorization Manager...
[[0;32m  OK  [0m] Started LSB: automatic crash report generation.
[[0;32m  OK  [0m] Started Login Service.
[[0;32m  OK  [0m] Started Unattended Upgrades Shutdown.
[[0;32m  OK  [0m] Started Authorization Manager.
[[0;32m  OK  [0m] Started Accounts Service.
[[0;32m  OK  [0m] Started LSB: Record successful boot for GRUB.
[[0;32m  OK  [0m] Started Virtualbox guest utils.
[[0;32m  OK  [0m] Started Dispatcher daemon for systemd-networkd.

Ubuntu 18.04.3 LTS ubuntu-bionic ttyS0

ubuntu-bionic login: [   49.645961] cloud-init[1475]: Cloud-init v. 19.1-1-gbaa47854-0ubuntu1~18.04.1 running 'modules:config' at Sat, 31 Aug 2019 05:50:44 +0000. Up 45.94 seconds.
ci-info: no authorized ssh keys fingerprints found for user ubuntu.
<14>Aug 31 05:50:50 ec2: 
<14>Aug 31 05:50:50 ec2: #############################################################
<14>Aug 31 05:50:50 ec2: -----BEGIN SSH HOST KEY FINGERPRINTS-----
<14>Aug 31 05:50:50 ec2: 1024 SHA256:2RmeG4sNPmK7VKc6P3F9R1DM9rUVdddDI7MTI1444LE root@ubuntu-bionic (DSA)
<14>Aug 31 05:50:50 ec2: 256 SHA256:CCMz9IXVaLslI78oEskRXg4mHfJBvNXRjhNa+oxn8uE root@ubuntu-bionic (ECDSA)
<14>Aug 31 05:50:50 ec2: 256 SHA256:uwgKyYOEHpmPKsX30QqNEzaXfmqA2JDVwUq/Nn2y+24 root@ubuntu-bionic (ED25519)
<14>Aug 31 05:50:50 ec2: 2048 SHA256:HjGdvxcmQcxwax6SovUNBqiddPZptKM3VV2f+cG6+DE root@ubuntu-bionic (RSA)
<14>Aug 31 05:50:50 ec2: -----END SSH HOST KEY FINGERPRINTS-----
<14>Aug 31 05:50:50 ec2: #############################################################
-----BEGIN SSH HOST KEY KEYS-----
ecdsa-sha2-nistp256 AAAAE2VjZHNhLXNoYTItbmlzdHAyNTYAAAAIbmlzdHAyNTYAAABBBNdXuva2bTSJdNv3bRGcr8EHlXide8LDy6NbckkNymg57Ah9V1KJ9hqW6ShZJ20Cyptwlp3OZHha4sX1Smt6zLQ= root@ubuntu-bionic
ssh-ed25519 AAAAC3NzaC1lZDI1NTE5AAAAIKAPVmeUsTAuLqZbEUTqPk26a3REJ2fqLXwVNA+poEqw root@ubuntu-bionic
ssh-rsa AAAAB3NzaC1yc2EAAAADAQABAAABAQDLhGbK6oVIOWSLcjKU/4DW5+s7c1uY43ozM3ec9jjHfGwv/MenCZGgX+WUrImk/cQXufbDYhvl5ArDc/8kjjGrkWsH0FA+amZBr8XnSEKacDQxLNkjLzAW51YzwQLLFw3eeXdlRWlN7FOo/jRNxKhmJXZNN7UYOXkANYCNg+Oi98+sk6k94kG0n/re+wByWDPMUvx7tpa4DmIstHTECeGzf5249eAXS9IEf2cMuDHy8uRa8BoR5dyTYMq1ykLQTYUM+lZE/lbqGwN9TSAWXYdynDsgYUeE0bTjFAHxVZpeI1584stTLDBWrIBIPzfAfkaeFd325Ox3QRwZQ8AfLsUt root@ubuntu-bionic
-----END SSH HOST KEY KEYS-----
[   51.436667] cloud-init[1633]: Cloud-init v. 19.1-1-gbaa47854-0ubuntu1~18.04.1 running 'modules:final' at Sat, 31 Aug 2019 05:50:49 +0000. Up 50.78 seconds.
[   51.441542] cloud-init[1633]: ci-info: no authorized ssh keys fingerprints found for user ubuntu.
[   51.450054] cloud-init[1633]: Cloud-init v. 19.1-1-gbaa47854-0ubuntu1~18.04.1 finished at Sat, 31 Aug 2019 05:50:50 +0000. Datasource DataSourceNoCloud [seed=/dev/sdb][dsmode=net].  Up 51.41 seconds
